<?xml version="1.0" encoding="UTF-8"?>
<!-- Generated by org.testng.reporters.JUnitXMLReporter -->
<testsuite hostname="Home" name="IETest" tests="2" failures="1" timestamp="28 May 2016 02:02:31 GMT" time="23.939" errors="0">
  <testcase name="verifySupportTitle" time="2.178" classname="Demo.NewtoursMultipleCheck"/>
  <testcase name="verifyRegisterTitle" time="0.988" classname="Demo.NewtoursMultipleCheck">
    <failure type="java.lang.AssertionError" message="expected [Register: Mercury Tours] but found [Welcome: Mercury Tours]">
      <![CDATA[java.lang.AssertionError: expected [Register: Mercury Tours] but found [Welcome: Mercury Tours]
	at Demo.NewtoursMultipleCheck.verifyRegisterTitle(NewtoursMultipleCheck.java:58)
	at java.util.concurrent.FutureTask.run(Unknown Source)
	at java.util.concurrent.ThreadPoolExecutor.runWorker(Unknown Source)
	at java.util.concurrent.ThreadPoolExecutor$Worker.run(Unknown Source)
	at java.lang.Thread.run(Unknown Source)
... Removed 21 stack frames]]>
    </failure>
  </testcase> <!-- verifyRegisterTitle -->
</testsuite> <!-- IETest -->
