<?xml version="1.0" encoding="UTF-8"?>
<testng-results skipped="0" failed="0" total="1" passed="1">
  <reporter-output>
  </reporter-output>
  <suite name="Default suite" duration-ms="21921" started-at="2016-05-28T02:35:50Z" finished-at="2016-05-28T02:36:12Z">
    <groups>
    </groups>
    <test name="Default test" duration-ms="21921" started-at="2016-05-28T02:35:50Z" finished-at="2016-05-28T02:36:12Z">
      <class name="Demo.ScreenshotForFailedTestCase">
        <test-method status="PASS" signature="openBrowser()[pri:0, instance:Demo.ScreenshotForFailedTestCase@580929]" name="openBrowser" is-config="true" duration-ms="16547" started-at="2016-05-28T08:05:51Z" finished-at="2016-05-28T08:06:07Z">
          <reporter-output>
          </reporter-output>
        </test-method> <!-- openBrowser -->
        <test-method status="PASS" signature="verifyTitle()[pri:0, instance:Demo.ScreenshotForFailedTestCase@580929]" name="verifyTitle" duration-ms="5348" started-at="2016-05-28T08:06:07Z" finished-at="2016-05-28T08:06:12Z">
          <reporter-output>
          </reporter-output>
        </test-method> <!-- verifyTitle -->
      </class> <!-- Demo.ScreenshotForFailedTestCase -->
    </test> <!-- Default test -->
  </suite> <!-- Default suite -->
</testng-results>
